{
  "RSpec": {
    "coverage": {
      "/Users/jackbranch/Desktop/Makers Course Files/Week 3/Battle/app.rb": [
        1,
        1,
        1,
        1,
        null,
        1,
        null,
        1,
        71,
        null,
        null,
        1,
        2,
        null,
        1,
        12,
        null,
        null,
        1,
        11,
        11,
        11,
        11,
        null,
        null,
        1,
        10,
        10,
        10,
        null,
        null,
        null,
        1,
        0,
        0,
        null,
        null,
        1,
        8,
        8,
        null,
        null,
        1,
        30,
        null,
        null,
        1,
        null,
        null
      ],
      "/Users/jackbranch/Desktop/Makers Course Files/Week 3/Battle/lib/player.rb": [
        null,
        1,
        1,
        1,
        1,
        1,
        28,
        28,
        null,
        null,
        1,
        11,
        null,
        null,
        null
      ],
      "/Users/jackbranch/Desktop/Makers Course Files/Week 3/Battle/lib/game.rb": [
        null,
        1,
        null,
        1,
        1,
        1,
        null,
        1,
        11,
        null,
        null,
        1,
        71,
        null,
        null,
        1,
        21,
        21,
        21,
        21,
        null,
        null,
        1,
        11,
        null,
        null,
        1,
        9,
        null,
        null,
        1,
        39,
        2,
        2,
        null,
        null,
        1,
        6,
        6,
        null,
        null,
        1,
        1,
        60,
        null,
        null,
        null
      ],
      "/Users/jackbranch/Desktop/Makers Course Files/Week 3/Battle/spec/features/attack_player_spec.rb": [
        1,
        1,
        4,
        4,
        null,
        1,
        1,
        null,
        1,
        1,
        1,
        1,
        null,
        1,
        1,
        1,
        1,
        null,
        1,
        1,
        1,
        1,
        1,
        1,
        null,
        null
      ],
      "/Users/jackbranch/Desktop/Makers Course Files/Week 3/Battle/spec/features/enter_names_spec.rb": [
        1,
        1,
        1,
        1,
        null,
        null
      ],
      "/Users/jackbranch/Desktop/Makers Course Files/Week 3/Battle/spec/features/loosing_and_winning_spec.rb": [
        1,
        1,
        1,
        2,
        2,
        null,
        1,
        1,
        0,
        0,
        0,
        null,
        1,
        1,
        0,
        0,
        0,
        null,
        null,
        1,
        null,
        null,
        1,
        null,
        null,
        null
      ],
      "/Users/jackbranch/Desktop/Makers Course Files/Week 3/Battle/spec/features/switching_turns_spec.rb": [
        1,
        1,
        1,
        1,
        null,
        1,
        1,
        1,
        1,
        1,
        1,
        1,
        1,
        1,
        1,
        null,
        null
      ],
      "/Users/jackbranch/Desktop/Makers Course Files/Week 3/Battle/spec/features/testing_infrastructure_spec.rb": [
        1,
        1,
        1,
        null,
        null,
        null
      ],
      "/Users/jackbranch/Desktop/Makers Course Files/Week 3/Battle/spec/features/viewing_hitpoints_spec.rb": [
        1,
        3,
        1,
        1,
        null,
        1,
        1,
        null,
        null
      ],
      "/Users/jackbranch/Desktop/Makers Course Files/Week 3/Battle/spec/game_spec.rb": [
        1,
        1,
        1,
        11,
        11,
        11,
        1,
        1,
        2,
        null,
        null,
        1,
        1,
        1,
        2,
        2,
        null,
        2,
        1,
        1,
        1,
        null,
        null,
        null,
        1,
        1,
        2,
        2,
        1,
        1,
        1,
        null,
        null,
        null,
        1,
        1,
        8,
        8,
        null,
        1,
        2,
        2,
        1,
        4,
        1,
        null,
        1,
        4,
        1,
        null,
        null,
        null,
        null,
        null,
        null,
        null,
        null,
        null,
        null,
        null,
        null,
        null,
        null
      ],
      "/Users/jackbranch/Desktop/Makers Course Files/Week 3/Battle/spec/player_spec.rb": [
        1,
        1,
        7,
        1,
        7,
        1,
        1,
        2,
        2,
        null,
        null,
        1,
        1,
        2,
        2,
        null,
        null,
        1,
        1,
        2,
        5,
        null,
        null,
        null
      ]
    },
    "timestamp": 1532538888
  }
}
