{
  "RSpec": {
    "coverage": {
      "/Users/jackbranch/Desktop/Makers Course Files/Week 3/Battle/app.rb": [
        1,
        1,
        1,
        1,
        1,
        1,
        null,
        1,
        null,
        1,
        100,
        null,
        null,
        1,
        2,
        null,
        1,
        17,
        null,
        null,
        1,
        15,
        15,
        15,
        15,
        null,
        null,
        1,
        12,
        12,
        null,
        null,
        1,
        12,
        12,
        12,
        12,
        null,
        null,
        1,
        2,
        2,
        2,
        null,
        null,
        1,
        6,
        6,
        null,
        null,
        1,
        36,
        null,
        null,
        1,
        null
      ],
      "/Users/jackbranch/Desktop/Makers Course Files/Week 3/Battle/lib/player.rb": [
        null,
        1,
        1,
        1,
        1,
        1,
        38,
        38,
        38,
        38,
        null,
        null
      ],
      "/Users/jackbranch/Desktop/Makers Course Files/Week 3/Battle/lib/game.rb": [
        null,
        1,
        null,
        1,
        null,
        1,
        1,
        1,
        1,
        null,
        1,
        15,
        null,
        null,
        1,
        100,
        null,
        null,
        1,
        33,
        33,
        33,
        33,
        33,
        33,
        null,
        null,
        1,
        13,
        12,
        12,
        12,
        null,
        null,
        1,
        7,
        null,
        null,
        1,
        45,
        6,
        6,
        null,
        2,
        null,
        null,
        1,
        16,
        8,
        6,
        4,
        2,
        null,
        null,
        null,
        1,
        15,
        1,
        14,
        null,
        null,
        null,
        1,
        180,
        null,
        null
      ],
      "/Users/jackbranch/Desktop/Makers Course Files/Week 3/Battle/lib/damage.rb": [
        null,
        1,
        null,
        1,
        null,
        1,
        33,
        null,
        null,
        1,
        null,
        null,
        null,
        9,
        null,
        null,
        1,
        null,
        null,
        null,
        4,
        4,
        null,
        null,
        1,
        null,
        null,
        null,
        5,
        null,
        null,
        1,
        1,
        null,
        null,
        1,
        null,
        null,
        null,
        null,
        14,
        13,
        52,
        null,
        null
      ],
      "/Users/jackbranch/Desktop/Makers Course Files/Week 3/Battle/lib/attack.rb": [
        null,
        1,
        null,
        1,
        22,
        null,
        null,
        1,
        12,
        5,
        4,
        3,
        2,
        null,
        null,
        null,
        1,
        8,
        null,
        null,
        1,
        1,
        null,
        null,
        1,
        2,
        null,
        null,
        1,
        1,
        null,
        null,
        null
      ],
      "/Users/jackbranch/Desktop/Makers Course Files/Week 3/Battle/spec/attack_spec.rb": [
        1,
        null,
        1,
        8,
        8,
        1,
        8,
        8,
        1,
        1,
        7,
        7,
        7,
        7,
        7,
        null,
        1,
        2,
        null,
        1,
        2,
        1,
        null,
        null,
        1,
        null,
        null,
        1,
        2,
        null,
        1,
        2,
        1,
        null,
        null,
        1,
        null,
        null,
        1,
        2,
        null,
        null,
        null
      ],
      "/Users/jackbranch/Desktop/Makers Course Files/Week 3/Battle/spec/damage_spec.rb": [
        1,
        1,
        19,
        1,
        17,
        1,
        2,
        2,
        null,
        1,
        2,
        2,
        1,
        3,
        1,
        null,
        null,
        1,
        2,
        2,
        1,
        3,
        1,
        null,
        1,
        3,
        1,
        null,
        null,
        1,
        2,
        2,
        null,
        null,
        1,
        9,
        1,
        2,
        2,
        2,
        2,
        2,
        null,
        null,
        1,
        4,
        1,
        2,
        2,
        null,
        null,
        null
      ],
      "/Users/jackbranch/Desktop/Makers Course Files/Week 3/Battle/spec/features/attack_player_spec.rb": [
        1,
        1,
        4,
        4,
        4,
        null,
        1,
        1,
        null,
        1,
        1,
        1,
        1,
        null,
        1,
        1,
        1,
        1,
        1,
        null,
        1,
        1,
        1,
        1,
        1,
        1,
        null,
        null
      ],
      "/Users/jackbranch/Desktop/Makers Course Files/Week 3/Battle/spec/features/different_attacks_spec.rb": [
        1,
        5,
        1,
        1,
        1,
        1,
        1,
        null,
        1,
        1,
        1,
        1,
        1,
        null,
        1,
        1,
        1,
        1,
        1,
        null,
        1,
        1,
        1,
        1,
        1,
        null,
        null
      ],
      "/Users/jackbranch/Desktop/Makers Course Files/Week 3/Battle/spec/features/enter_names_spec.rb": [
        1,
        1,
        1,
        1,
        null,
        null
      ],
      "/Users/jackbranch/Desktop/Makers Course Files/Week 3/Battle/spec/features/loosing_and_winning_spec.rb": [
        1,
        1,
        1,
        2,
        2,
        null,
        1,
        1,
        1,
        null,
        1,
        1,
        1,
        null,
        null,
        null
      ],
      "/Users/jackbranch/Desktop/Makers Course Files/Week 3/Battle/spec/features/page_design_spec.rb": [
        1,
        1,
        null,
        null,
        null
      ],
      "/Users/jackbranch/Desktop/Makers Course Files/Week 3/Battle/spec/features/switching_turns_spec.rb": [
        1,
        1,
        1,
        1,
        1,
        null,
        1,
        1,
        1,
        1,
        1,
        1,
        1,
        1,
        1,
        1,
        1,
        null,
        null
      ],
      "/Users/jackbranch/Desktop/Makers Course Files/Week 3/Battle/spec/features/testing_infrastructure_spec.rb": [
        1,
        1,
        1,
        null,
        null,
        null
      ],
      "/Users/jackbranch/Desktop/Makers Course Files/Week 3/Battle/spec/features/viewing_hitpoints_spec.rb": [
        1,
        3,
        1,
        1,
        null,
        1,
        1,
        null,
        null
      ],
      "/Users/jackbranch/Desktop/Makers Course Files/Week 3/Battle/spec/game_spec.rb": [
        1,
        1,
        1,
        20,
        20,
        19,
        19,
        19,
        19,
        19,
        1,
        1,
        2,
        null,
        null,
        1,
        1,
        1,
        2,
        2,
        null,
        2,
        1,
        null,
        null,
        null,
        null,
        1,
        2,
        null,
        1,
        2,
        1,
        1,
        1,
        null,
        1,
        1,
        1,
        null,
        1,
        1,
        1,
        null,
        1,
        1,
        1,
        null,
        null,
        null,
        1,
        1,
        2,
        2,
        1,
        1,
        1,
        null,
        null,
        null,
        1,
        1,
        7,
        7,
        null,
        1,
        2,
        2,
        1,
        3,
        1,
        null,
        1,
        3,
        1,
        null,
        null,
        null,
        1,
        1,
        3,
        5,
        4,
        4,
        null,
        1,
        2,
        1,
        2,
        1,
        null,
        1,
        3,
        1,
        1,
        null,
        null,
        null,
        null
      ],
      "/Users/jackbranch/Desktop/Makers Course Files/Week 3/Battle/spec/player_spec.rb": [
        1,
        1,
        9,
        1,
        9,
        1,
        1,
        2,
        2,
        null,
        null,
        1,
        1,
        2,
        2,
        null,
        null,
        1,
        1,
        2,
        2,
        null,
        1,
        2,
        2,
        null,
        null,
        null
      ]
    },
    "timestamp": 1532695570
  }
}
